2023-05-02T17:54:45+00:00 CRITICAL syntax error, unexpected ')' in /Applications/XAMPP/xamppfiles/htdocs/thailand/wordpress/wp-content/plugins/checkout-paypal-woo/gateway/paypal/webhook/listener.php on line 271

2023-05-02T17:55:39+00:00 CRITICAL syntax error, unexpected ')' in /Applications/XAMPP/xamppfiles/htdocs/thailand/wordpress/wp-content/plugins/checkout-paypal-woo/gateway/paypal/webhook/listener.php on line 271

2023-05-02T17:55:53+00:00 CRITICAL syntax error, unexpected ')' in /Applications/XAMPP/xamppfiles/htdocs/thailand/wordpress/wp-content/plugins/checkout-paypal-woo/gateway/paypal/webhook/listener.php on line 271

2023-05-02T17:55:56+00:00 CRITICAL syntax error, unexpected ')' in /Applications/XAMPP/xamppfiles/htdocs/thailand/wordpress/wp-content/plugins/checkout-paypal-woo/gateway/paypal/webhook/listener.php on line 271

2023-05-02T17:56:05+00:00 CRITICAL syntax error, unexpected ')' in /Applications/XAMPP/xamppfiles/htdocs/thailand/wordpress/wp-content/plugins/checkout-paypal-woo/gateway/paypal/webhook/listener.php on line 271

2023-05-02T17:56:06+00:00 CRITICAL syntax error, unexpected ')' in /Applications/XAMPP/xamppfiles/htdocs/thailand/wordpress/wp-content/plugins/checkout-paypal-woo/gateway/paypal/webhook/listener.php on line 271

2023-05-02T17:56:10+00:00 CRITICAL syntax error, unexpected ')' in /Applications/XAMPP/xamppfiles/htdocs/thailand/wordpress/wp-content/plugins/checkout-paypal-woo/gateway/paypal/webhook/listener.php on line 271

2023-05-02T17:56:12+00:00 CRITICAL syntax error, unexpected ')' in /Applications/XAMPP/xamppfiles/htdocs/thailand/wordpress/wp-content/plugins/checkout-paypal-woo/gateway/paypal/webhook/listener.php on line 271

2023-05-02T17:56:16+00:00 CRITICAL syntax error, unexpected ')' in /Applications/XAMPP/xamppfiles/htdocs/thailand/wordpress/wp-content/plugins/checkout-paypal-woo/gateway/paypal/webhook/listener.php on line 271

2023-05-02T17:56:26+00:00 CRITICAL syntax error, unexpected ')' in /Applications/XAMPP/xamppfiles/htdocs/thailand/wordpress/wp-content/plugins/checkout-paypal-woo/gateway/paypal/webhook/listener.php on line 271

2023-05-02T17:57:38+00:00 CRITICAL syntax error, unexpected ')' in /Applications/XAMPP/xamppfiles/htdocs/thailand/wordpress/wp-content/plugins/checkout-paypal-woo/gateway/paypal/webhook/listener.php on line 271

2023-05-02T17:57:38+00:00 CRITICAL syntax error, unexpected ')' in /Applications/XAMPP/xamppfiles/htdocs/thailand/wordpress/wp-content/plugins/checkout-paypal-woo/gateway/paypal/webhook/listener.php on line 271

2023-05-02T17:58:11+00:00 CRITICAL syntax error, unexpected ')' in /Applications/XAMPP/xamppfiles/htdocs/thailand/wordpress/wp-content/plugins/checkout-paypal-woo/gateway/paypal/webhook/listener.php on line 271

2023-05-02T17:59:21+00:00 CRITICAL syntax error, unexpected ')' in /Applications/XAMPP/xamppfiles/htdocs/thailand/wordpress/wp-content/plugins/checkout-paypal-woo/gateway/paypal/webhook/listener.php on line 271

2023-05-02T17:59:25+00:00 CRITICAL syntax error, unexpected ')' in /Applications/XAMPP/xamppfiles/htdocs/thailand/wordpress/wp-content/plugins/checkout-paypal-woo/gateway/paypal/webhook/listener.php on line 271

2023-05-02T17:59:26+00:00 CRITICAL syntax error, unexpected ')' in /Applications/XAMPP/xamppfiles/htdocs/thailand/wordpress/wp-content/plugins/checkout-paypal-woo/gateway/paypal/webhook/listener.php on line 271

2023-05-02T17:59:27+00:00 CRITICAL syntax error, unexpected ')' in /Applications/XAMPP/xamppfiles/htdocs/thailand/wordpress/wp-content/plugins/checkout-paypal-woo/gateway/paypal/webhook/listener.php on line 271

2023-05-02T17:59:27+00:00 CRITICAL syntax error, unexpected ')' in /Applications/XAMPP/xamppfiles/htdocs/thailand/wordpress/wp-content/plugins/checkout-paypal-woo/gateway/paypal/webhook/listener.php on line 271

2023-05-02T17:59:27+00:00 CRITICAL syntax error, unexpected ')' in /Applications/XAMPP/xamppfiles/htdocs/thailand/wordpress/wp-content/plugins/checkout-paypal-woo/gateway/paypal/webhook/listener.php on line 271

2023-05-02T19:12:01+00:00 CRITICAL Uncaught Error: Class 'WC_API_Client' not found in /Applications/XAMPP/xamppfiles/htdocs/thailand/wordpress/wp-content/plugins/my-woocommerce-api/my-woocommerce-api.php:26
Stack trace:
#0 /Applications/XAMPP/xamppfiles/htdocs/thailand/wordpress/wp-settings.php(453): include_once()
#1 /Applications/XAMPP/xamppfiles/htdocs/thailand/wordpress/wp-config.php(96): require_once('/Applications/X...')
#2 /Applications/XAMPP/xamppfiles/htdocs/thailand/wordpress/wp-load.php(50): require_once('/Applications/X...')
#3 /Applications/XAMPP/xamppfiles/htdocs/thailand/wordpress/wp-admin/admin-ajax.php(22): require_once('/Applications/X...')
#4 {main}
  thrown in /Applications/XAMPP/xamppfiles/htdocs/thailand/wordpress/wp-content/plugins/my-woocommerce-api/my-woocommerce-api.php on line 26

2023-05-02T19:14:01+00:00 CRITICAL Uncaught Error: Class 'WC_API_Client' not found in /Applications/XAMPP/xamppfiles/htdocs/thailand/wordpress/wp-content/plugins/my-woocommerce-api/my-woocommerce-api.php:26
Stack trace:
#0 /Applications/XAMPP/xamppfiles/htdocs/thailand/wordpress/wp-settings.php(453): include_once()
#1 /Applications/XAMPP/xamppfiles/htdocs/thailand/wordpress/wp-config.php(96): require_once('/Applications/X...')
#2 /Applications/XAMPP/xamppfiles/htdocs/thailand/wordpress/wp-load.php(50): require_once('/Applications/X...')
#3 /Applications/XAMPP/xamppfiles/htdocs/thailand/wordpress/wp-admin/admin-ajax.php(22): require_once('/Applications/X...')
#4 {main}
  thrown in /Applications/XAMPP/xamppfiles/htdocs/thailand/wordpress/wp-content/plugins/my-woocommerce-api/my-woocommerce-api.php on line 26

2023-05-02T19:15:42+00:00 CRITICAL Uncaught Error: Call to a member function get() on null in /Applications/XAMPP/xamppfiles/htdocs/thailand/wordpress/wp-content/plugins/my-woocommerce-api/my-woocommerce-api.php:38
Stack trace:
#0 /Applications/XAMPP/xamppfiles/htdocs/thailand/wordpress/wp-includes/rest-api/class-wp-rest-server.php(1181): get_sales(Object(WP_REST_Request))
#1 /Applications/XAMPP/xamppfiles/htdocs/thailand/wordpress/wp-includes/rest-api/class-wp-rest-server.php(1028): WP_REST_Server->respond_to_request(Object(WP_REST_Request), '/my-woocommerce...', Array, NULL)
#2 /Applications/XAMPP/xamppfiles/htdocs/thailand/wordpress/wp-includes/rest-api/class-wp-rest-server.php(442): WP_REST_Server->dispatch(Object(WP_REST_Request))
#3 /Applications/XAMPP/xamppfiles/htdocs/thailand/wordpress/wp-includes/rest-api.php(410): WP_REST_Server->serve_request('/my-woocommerce...')
#4 /Applications/XAMPP/xamppfiles/htdocs/thailand/wordpress/wp-includes/class-wp-hook.php(308): rest_api_loaded(Object(WP))
#5 /Applications/XAMPP/xamppfiles/htdocs/thail in /Applications/XAMPP/xamppfiles/htdocs/thailand/wordpress/wp-content/plugins/my-woocommerce-api/my-woocommerce-api.php on line 38

2023-05-02T19:18:03+00:00 CRITICAL Uncaught Error: Class 'WC' not found in /Applications/XAMPP/xamppfiles/htdocs/thailand/wordpress/wp-content/plugins/my-woocommerce-api/my-woocommerce-api.php:26
Stack trace:
#0 /Applications/XAMPP/xamppfiles/htdocs/thailand/wordpress/wp-settings.php(453): include_once()
#1 /Applications/XAMPP/xamppfiles/htdocs/thailand/wordpress/wp-config.php(96): require_once('/Applications/X...')
#2 /Applications/XAMPP/xamppfiles/htdocs/thailand/wordpress/wp-load.php(50): require_once('/Applications/X...')
#3 /Applications/XAMPP/xamppfiles/htdocs/thailand/wordpress/wp-admin/admin-ajax.php(22): require_once('/Applications/X...')
#4 {main}
  thrown in /Applications/XAMPP/xamppfiles/htdocs/thailand/wordpress/wp-content/plugins/my-woocommerce-api/my-woocommerce-api.php on line 26

